{"/Users/jakoberiksson/git/jsramverkHT24-frontend/postcss.config.js": {"path":"/Users/jakoberiksson/git/jsramverkHT24-frontend/postcss.config.js","all":true,"statementMap":{"0":{"start":{"line":1,"column":0},"end":{"line":1,"column":16}},"1":{"start":{"line":2,"column":0},"end":{"line":2,"column":12}},"2":{"start":{"line":3,"column":0},"end":{"line":3,"column":20}},"3":{"start":{"line":4,"column":0},"end":{"line":4,"column":21}},"4":{"start":{"line":5,"column":0},"end":{"line":5,"column":4}},"5":{"start":{"line":6,"column":0},"end":{"line":6,"column":1}}},"s":{"0":0,"1":0,"2":0,"3":0,"4":0,"5":0},"branchMap":{"0":{"type":"branch","line":1,"loc":{"start":{"line":1,"column":0},"end":{"line":6,"column":-11}},"locations":[{"start":{"line":1,"column":0},"end":{"line":6,"column":-11}}]}},"b":{"0":[0]},"fnMap":{"0":{"name":"(empty-report)","decl":{"start":{"line":1,"column":0},"end":{"line":6,"column":-11}},"loc":{"start":{"line":1,"column":0},"end":{"line":6,"column":-11}},"line":1}},"f":{"0":0}}
,"/Users/jakoberiksson/git/jsramverkHT24-frontend/tailwind.config.js": {"path":"/Users/jakoberiksson/git/jsramverkHT24-frontend/tailwind.config.js","all":true,"statementMap":{"0":{"start":{"line":1,"column":0},"end":{"line":1,"column":43}},"1":{"start":{"line":2,"column":0},"end":{"line":2,"column":16}},"2":{"start":{"line":3,"column":0},"end":{"line":3,"column":60}},"3":{"start":{"line":4,"column":0},"end":{"line":4,"column":12}},"4":{"start":{"line":5,"column":0},"end":{"line":5,"column":19}},"5":{"start":{"line":6,"column":0},"end":{"line":6,"column":21}},"6":{"start":{"line":7,"column":0},"end":{"line":7,"column":47}},"7":{"start":{"line":8,"column":0},"end":{"line":8,"column":10}},"8":{"start":{"line":9,"column":0},"end":{"line":9,"column":6}},"9":{"start":{"line":10,"column":0},"end":{"line":10,"column":16}},"10":{"start":{"line":11,"column":0},"end":{"line":11,"column":2}}},"s":{"0":0,"1":0,"2":0,"3":0,"4":0,"5":0,"6":0,"7":0,"8":0,"9":0,"10":0},"branchMap":{"0":{"type":"branch","line":1,"loc":{"start":{"line":1,"column":0},"end":{"line":11,"column":-13}},"locations":[{"start":{"line":1,"column":0},"end":{"line":11,"column":-13}}]}},"b":{"0":[0]},"fnMap":{"0":{"name":"(empty-report)","decl":{"start":{"line":1,"column":0},"end":{"line":11,"column":-13}},"loc":{"start":{"line":1,"column":0},"end":{"line":11,"column":-13}},"line":1}},"f":{"0":0}}
,"/Users/jakoberiksson/git/jsramverkHT24-frontend/src/App.jsx": {"path":"/Users/jakoberiksson/git/jsramverkHT24-frontend/src/App.jsx","all":true,"statementMap":{"0":{"start":{"line":1,"column":0},"end":{"line":1,"column":33}},"1":{"start":{"line":2,"column":0},"end":{"line":2,"column":49}},"2":{"start":{"line":3,"column":0},"end":{"line":3,"column":32}},"3":{"start":{"line":4,"column":0},"end":{"line":4,"column":36}},"4":{"start":{"line":5,"column":0},"end":{"line":5,"column":41}},"6":{"start":{"line":7,"column":0},"end":{"line":7,"column":31}},"7":{"start":{"line":8,"column":0},"end":{"line":8,"column":51}},"8":{"start":{"line":9,"column":0},"end":{"line":9,"column":12}},"9":{"start":{"line":10,"column":0},"end":{"line":10,"column":99}},"10":{"start":{"line":11,"column":0},"end":{"line":11,"column":22}},"11":{"start":{"line":12,"column":0},"end":{"line":12,"column":20}},"12":{"start":{"line":13,"column":0},"end":{"line":13,"column":22}},"13":{"start":{"line":14,"column":0},"end":{"line":14,"column":28}},"14":{"start":{"line":15,"column":0},"end":{"line":15,"column":29}},"15":{"start":{"line":16,"column":0},"end":{"line":16,"column":29}},"16":{"start":{"line":17,"column":0},"end":{"line":17,"column":49}},"17":{"start":{"line":18,"column":0},"end":{"line":18,"column":55}},"18":{"start":{"line":19,"column":0},"end":{"line":19,"column":26}},"20":{"start":{"line":21,"column":0},"end":{"line":21,"column":18}},"21":{"start":{"line":22,"column":0},"end":{"line":22,"column":58}},"22":{"start":{"line":23,"column":0},"end":{"line":23,"column":21}},"23":{"start":{"line":24,"column":0},"end":{"line":24,"column":14}},"25":{"start":{"line":26,"column":0},"end":{"line":26,"column":1}}},"s":{"0":0,"1":0,"2":0,"3":0,"4":0,"6":0,"7":0,"8":0,"9":0,"10":0,"11":0,"12":0,"13":0,"14":0,"15":0,"16":0,"17":0,"18":0,"20":0,"21":0,"22":0,"23":0,"25":0},"branchMap":{"0":{"type":"branch","line":1,"loc":{"start":{"line":1,"column":0},"end":{"line":26,"column":-510}},"locations":[{"start":{"line":1,"column":0},"end":{"line":26,"column":-510}}]}},"b":{"0":[0]},"fnMap":{"0":{"name":"(empty-report)","decl":{"start":{"line":1,"column":0},"end":{"line":26,"column":-510}},"loc":{"start":{"line":1,"column":0},"end":{"line":26,"column":-510}},"line":1}},"f":{"0":0}}
,"/Users/jakoberiksson/git/jsramverkHT24-frontend/src/main.jsx": {"path":"/Users/jakoberiksson/git/jsramverkHT24-frontend/src/main.jsx","all":true,"statementMap":{"0":{"start":{"line":1,"column":0},"end":{"line":1,"column":35}},"1":{"start":{"line":2,"column":0},"end":{"line":2,"column":46}},"2":{"start":{"line":3,"column":0},"end":{"line":3,"column":28}},"3":{"start":{"line":4,"column":0},"end":{"line":4,"column":21}},"4":{"start":{"line":5,"column":0},"end":{"line":5,"column":49}},"6":{"start":{"line":7,"column":0},"end":{"line":7,"column":81}},"8":{"start":{"line":9,"column":0},"end":{"line":9,"column":51}},"9":{"start":{"line":10,"column":0},"end":{"line":10,"column":16}},"10":{"start":{"line":11,"column":0},"end":{"line":11,"column":43}},"11":{"start":{"line":12,"column":0},"end":{"line":12,"column":19}},"12":{"start":{"line":13,"column":0},"end":{"line":13,"column":24}},"13":{"start":{"line":14,"column":0},"end":{"line":14,"column":17}},"14":{"start":{"line":15,"column":0},"end":{"line":15,"column":2}}},"s":{"0":0,"1":0,"2":0,"3":0,"4":0,"6":0,"8":0,"9":0,"10":0,"11":0,"12":0,"13":0,"14":0},"branchMap":{"0":{"type":"branch","line":1,"loc":{"start":{"line":1,"column":446},"end":{"line":15,"column":2}},"locations":[{"start":{"line":1,"column":446},"end":{"line":15,"column":2}}]}},"b":{"0":[0]},"fnMap":{"0":{"name":"(empty-report)","decl":{"start":{"line":1,"column":446},"end":{"line":15,"column":2}},"loc":{"start":{"line":1,"column":446},"end":{"line":15,"column":2}},"line":1}},"f":{"0":0}}
,"/Users/jakoberiksson/git/jsramverkHT24-frontend/src/components/CreateDocument.jsx": {"path":"/Users/jakoberiksson/git/jsramverkHT24-frontend/src/components/CreateDocument.jsx","all":false,"statementMap":{"0":{"start":{"line":1,"column":0},"end":{"line":1,"column":33}},"2":{"start":{"line":3,"column":0},"end":{"line":3,"column":69}},"3":{"start":{"line":4,"column":0},"end":{"line":4,"column":73}},"5":{"start":{"line":6,"column":0},"end":{"line":6,"column":43}},"6":{"start":{"line":7,"column":0},"end":{"line":7,"column":31}},"8":{"start":{"line":9,"column":0},"end":{"line":9,"column":30}},"9":{"start":{"line":10,"column":0},"end":{"line":10,"column":24}},"10":{"start":{"line":11,"column":0},"end":{"line":11,"column":10}},"12":{"start":{"line":13,"column":0},"end":{"line":13,"column":13}},"13":{"start":{"line":14,"column":0},"end":{"line":14,"column":70}},"14":{"start":{"line":15,"column":0},"end":{"line":15,"column":31}},"15":{"start":{"line":16,"column":0},"end":{"line":16,"column":51}},"16":{"start":{"line":17,"column":0},"end":{"line":17,"column":26}},"17":{"start":{"line":18,"column":0},"end":{"line":18,"column":55}},"18":{"start":{"line":19,"column":0},"end":{"line":19,"column":18}},"19":{"start":{"line":20,"column":0},"end":{"line":20,"column":15}},"21":{"start":{"line":22,"column":0},"end":{"line":22,"column":42}},"23":{"start":{"line":24,"column":0},"end":{"line":24,"column":26}},"24":{"start":{"line":25,"column":0},"end":{"line":25,"column":73}},"25":{"start":{"line":26,"column":0},"end":{"line":26,"column":13}},"27":{"start":{"line":28,"column":0},"end":{"line":28,"column":47}},"28":{"start":{"line":29,"column":0},"end":{"line":29,"column":52}},"29":{"start":{"line":30,"column":0},"end":{"line":30,"column":25}},"30":{"start":{"line":31,"column":0},"end":{"line":31,"column":31}},"31":{"start":{"line":32,"column":0},"end":{"line":32,"column":9}},"32":{"start":{"line":33,"column":0},"end":{"line":33,"column":6}},"34":{"start":{"line":35,"column":0},"end":{"line":35,"column":42}},"35":{"start":{"line":36,"column":0},"end":{"line":36,"column":33}},"36":{"start":{"line":37,"column":0},"end":{"line":37,"column":39}},"38":{"start":{"line":39,"column":0},"end":{"line":39,"column":21}},"39":{"start":{"line":40,"column":0},"end":{"line":40,"column":51}},"40":{"start":{"line":41,"column":0},"end":{"line":41,"column":79}},"41":{"start":{"line":42,"column":0},"end":{"line":42,"column":11}},"42":{"start":{"line":43,"column":0},"end":{"line":43,"column":6}},"44":{"start":{"line":45,"column":0},"end":{"line":45,"column":12}},"45":{"start":{"line":46,"column":0},"end":{"line":46,"column":13}},"46":{"start":{"line":47,"column":0},"end":{"line":47,"column":35}},"47":{"start":{"line":48,"column":0},"end":{"line":48,"column":72}},"48":{"start":{"line":49,"column":0},"end":{"line":49,"column":80}},"50":{"start":{"line":51,"column":0},"end":{"line":51,"column":20}},"51":{"start":{"line":52,"column":0},"end":{"line":52,"column":18}},"52":{"start":{"line":53,"column":0},"end":{"line":53,"column":130}},"53":{"start":{"line":54,"column":0},"end":{"line":54,"column":27}},"54":{"start":{"line":55,"column":0},"end":{"line":55,"column":28}},"55":{"start":{"line":56,"column":0},"end":{"line":56,"column":26}},"56":{"start":{"line":57,"column":0},"end":{"line":57,"column":38}},"57":{"start":{"line":58,"column":0},"end":{"line":58,"column":44}},"58":{"start":{"line":59,"column":0},"end":{"line":59,"column":24}},"59":{"start":{"line":60,"column":0},"end":{"line":60,"column":14}},"60":{"start":{"line":61,"column":0},"end":{"line":61,"column":18}},"61":{"start":{"line":62,"column":0},"end":{"line":62,"column":33}},"62":{"start":{"line":63,"column":0},"end":{"line":63,"column":61}},"64":{"start":{"line":65,"column":0},"end":{"line":65,"column":20}},"65":{"start":{"line":66,"column":0},"end":{"line":66,"column":21}},"66":{"start":{"line":67,"column":0},"end":{"line":67,"column":24}},"67":{"start":{"line":68,"column":0},"end":{"line":68,"column":135}},"68":{"start":{"line":69,"column":0},"end":{"line":69,"column":30}},"69":{"start":{"line":70,"column":0},"end":{"line":70,"column":28}},"70":{"start":{"line":71,"column":0},"end":{"line":71,"column":40}},"71":{"start":{"line":72,"column":0},"end":{"line":72,"column":56}},"72":{"start":{"line":73,"column":0},"end":{"line":73,"column":19}},"73":{"start":{"line":74,"column":0},"end":{"line":74,"column":162}},"74":{"start":{"line":75,"column":0},"end":{"line":75,"column":30}},"76":{"start":{"line":77,"column":0},"end":{"line":77,"column":21}},"77":{"start":{"line":78,"column":0},"end":{"line":78,"column":15}},"79":{"start":{"line":80,"column":0},"end":{"line":80,"column":1}}},"s":{"0":1,"2":5,"3":5,"5":5,"6":0,"8":0,"9":0,"10":0,"12":0,"13":0,"14":0,"15":0,"16":0,"17":0,"18":0,"19":0,"21":0,"23":0,"24":0,"25":0,"27":0,"28":0,"29":0,"30":0,"31":0,"32":0,"34":5,"35":2,"36":2,"38":2,"39":2,"40":2,"41":2,"42":2,"44":5,"45":5,"46":5,"47":5,"48":5,"50":5,"51":5,"52":5,"53":5,"54":5,"55":5,"56":5,"57":5,"58":5,"59":5,"60":5,"61":5,"62":5,"64":5,"65":5,"66":5,"67":5,"68":5,"69":5,"70":5,"71":5,"72":5,"73":5,"74":5,"76":5,"77":5,"79":5},"branchMap":{"0":{"type":"branch","line":3,"loc":{"start":{"line":3,"column":0},"end":{"line":80,"column":1}},"locations":[{"start":{"line":3,"column":0},"end":{"line":80,"column":1}}]},"1":{"type":"branch","line":35,"loc":{"start":{"line":35,"column":30},"end":{"line":43,"column":6}},"locations":[{"start":{"line":35,"column":30},"end":{"line":43,"column":6}}]}},"b":{"0":[5],"1":[2]},"fnMap":{"0":{"name":"CreateDocument","decl":{"start":{"line":3,"column":0},"end":{"line":80,"column":1}},"loc":{"start":{"line":3,"column":0},"end":{"line":80,"column":1}},"line":3},"1":{"name":"handleSubmit","decl":{"start":{"line":6,"column":25},"end":{"line":33,"column":6}},"loc":{"start":{"line":6,"column":25},"end":{"line":33,"column":6}},"line":6},"2":{"name":"handleInputChange","decl":{"start":{"line":35,"column":30},"end":{"line":43,"column":6}},"loc":{"start":{"line":35,"column":30},"end":{"line":43,"column":6}},"line":35}},"f":{"0":5,"1":0,"2":2}}
,"/Users/jakoberiksson/git/jsramverkHT24-frontend/src/components/Document.jsx": {"path":"/Users/jakoberiksson/git/jsramverkHT24-frontend/src/components/Document.jsx","all":false,"statementMap":{"0":{"start":{"line":1,"column":0},"end":{"line":1,"column":44}},"1":{"start":{"line":2,"column":0},"end":{"line":2,"column":51}},"3":{"start":{"line":4,"column":0},"end":{"line":4,"column":36}},"4":{"start":{"line":5,"column":0},"end":{"line":5,"column":49}},"5":{"start":{"line":6,"column":0},"end":{"line":6,"column":71}},"6":{"start":{"line":7,"column":0},"end":{"line":7,"column":31}},"7":{"start":{"line":8,"column":0},"end":{"line":8,"column":25}},"9":{"start":{"line":10,"column":0},"end":{"line":10,"column":42}},"10":{"start":{"line":11,"column":0},"end":{"line":11,"column":33}},"11":{"start":{"line":12,"column":0},"end":{"line":12,"column":39}},"13":{"start":{"line":14,"column":0},"end":{"line":14,"column":20}},"14":{"start":{"line":15,"column":0},"end":{"line":15,"column":23}},"15":{"start":{"line":16,"column":0},"end":{"line":16,"column":26}},"16":{"start":{"line":17,"column":0},"end":{"line":17,"column":11}},"17":{"start":{"line":18,"column":0},"end":{"line":18,"column":6}},"19":{"start":{"line":20,"column":0},"end":{"line":20,"column":41}},"20":{"start":{"line":21,"column":0},"end":{"line":21,"column":31}},"22":{"start":{"line":23,"column":0},"end":{"line":23,"column":30}},"23":{"start":{"line":24,"column":0},"end":{"line":24,"column":23}},"24":{"start":{"line":25,"column":0},"end":{"line":25,"column":10}},"26":{"start":{"line":27,"column":0},"end":{"line":27,"column":13}},"27":{"start":{"line":28,"column":0},"end":{"line":28,"column":36}},"28":{"start":{"line":29,"column":0},"end":{"line":29,"column":59}},"29":{"start":{"line":30,"column":0},"end":{"line":30,"column":17}},"30":{"start":{"line":31,"column":0},"end":{"line":31,"column":34}},"31":{"start":{"line":32,"column":0},"end":{"line":32,"column":55}},"32":{"start":{"line":33,"column":0},"end":{"line":33,"column":30}},"33":{"start":{"line":34,"column":0},"end":{"line":34,"column":59}},"34":{"start":{"line":35,"column":0},"end":{"line":35,"column":22}},"35":{"start":{"line":36,"column":0},"end":{"line":36,"column":17}},"36":{"start":{"line":37,"column":0},"end":{"line":37,"column":14}},"38":{"start":{"line":39,"column":0},"end":{"line":39,"column":42}},"40":{"start":{"line":41,"column":0},"end":{"line":41,"column":26}},"41":{"start":{"line":42,"column":0},"end":{"line":42,"column":73}},"42":{"start":{"line":43,"column":0},"end":{"line":43,"column":13}},"44":{"start":{"line":45,"column":0},"end":{"line":45,"column":38}},"46":{"start":{"line":47,"column":0},"end":{"line":47,"column":30}},"47":{"start":{"line":48,"column":0},"end":{"line":48,"column":25}},"48":{"start":{"line":49,"column":0},"end":{"line":49,"column":31}},"49":{"start":{"line":50,"column":0},"end":{"line":50,"column":9}},"50":{"start":{"line":51,"column":0},"end":{"line":51,"column":6}},"52":{"start":{"line":53,"column":0},"end":{"line":53,"column":37}},"53":{"start":{"line":54,"column":0},"end":{"line":54,"column":39}},"54":{"start":{"line":55,"column":0},"end":{"line":55,"column":75}},"55":{"start":{"line":56,"column":0},"end":{"line":56,"column":6}},"57":{"start":{"line":58,"column":0},"end":{"line":58,"column":21}},"58":{"start":{"line":59,"column":0},"end":{"line":59,"column":36}},"59":{"start":{"line":60,"column":0},"end":{"line":60,"column":17}},"60":{"start":{"line":61,"column":0},"end":{"line":61,"column":40}},"61":{"start":{"line":62,"column":0},"end":{"line":62,"column":62}},"62":{"start":{"line":63,"column":0},"end":{"line":63,"column":18}},"64":{"start":{"line":65,"column":0},"end":{"line":65,"column":46}},"66":{"start":{"line":67,"column":0},"end":{"line":67,"column":30}},"67":{"start":{"line":68,"column":0},"end":{"line":68,"column":77}},"68":{"start":{"line":69,"column":0},"end":{"line":69,"column":17}},"70":{"start":{"line":71,"column":0},"end":{"line":71,"column":34}},"71":{"start":{"line":72,"column":0},"end":{"line":72,"column":73}},"72":{"start":{"line":73,"column":0},"end":{"line":73,"column":29}},"73":{"start":{"line":74,"column":0},"end":{"line":74,"column":35}},"74":{"start":{"line":75,"column":0},"end":{"line":75,"column":13}},"75":{"start":{"line":76,"column":0},"end":{"line":76,"column":10}},"76":{"start":{"line":77,"column":0},"end":{"line":77,"column":17}},"77":{"start":{"line":78,"column":0},"end":{"line":78,"column":13}},"79":{"start":{"line":80,"column":0},"end":{"line":80,"column":12}},"80":{"start":{"line":81,"column":0},"end":{"line":81,"column":13}},"81":{"start":{"line":82,"column":0},"end":{"line":82,"column":33}},"82":{"start":{"line":83,"column":0},"end":{"line":83,"column":86}},"84":{"start":{"line":85,"column":0},"end":{"line":85,"column":34}},"85":{"start":{"line":86,"column":0},"end":{"line":86,"column":22}},"86":{"start":{"line":87,"column":0},"end":{"line":87,"column":35}},"87":{"start":{"line":88,"column":0},"end":{"line":88,"column":65}},"89":{"start":{"line":90,"column":0},"end":{"line":90,"column":24}},"90":{"start":{"line":91,"column":0},"end":{"line":91,"column":22}},"91":{"start":{"line":92,"column":0},"end":{"line":92,"column":134}},"92":{"start":{"line":93,"column":0},"end":{"line":93,"column":31}},"93":{"start":{"line":94,"column":0},"end":{"line":94,"column":32}},"94":{"start":{"line":95,"column":0},"end":{"line":95,"column":30}},"95":{"start":{"line":96,"column":0},"end":{"line":96,"column":41}},"96":{"start":{"line":97,"column":0},"end":{"line":97,"column":48}},"97":{"start":{"line":98,"column":0},"end":{"line":98,"column":28}},"98":{"start":{"line":99,"column":0},"end":{"line":99,"column":18}},"99":{"start":{"line":100,"column":0},"end":{"line":100,"column":18}},"102":{"start":{"line":103,"column":0},"end":{"line":103,"column":34}},"103":{"start":{"line":104,"column":0},"end":{"line":104,"column":22}},"104":{"start":{"line":105,"column":0},"end":{"line":105,"column":37}},"105":{"start":{"line":106,"column":0},"end":{"line":106,"column":65}},"107":{"start":{"line":108,"column":0},"end":{"line":108,"column":24}},"108":{"start":{"line":109,"column":0},"end":{"line":109,"column":25}},"109":{"start":{"line":110,"column":0},"end":{"line":110,"column":28}},"110":{"start":{"line":111,"column":0},"end":{"line":111,"column":139}},"111":{"start":{"line":112,"column":0},"end":{"line":112,"column":34}},"112":{"start":{"line":113,"column":0},"end":{"line":113,"column":32}},"113":{"start":{"line":114,"column":0},"end":{"line":114,"column":43}},"114":{"start":{"line":115,"column":0},"end":{"line":115,"column":60}},"115":{"start":{"line":116,"column":0},"end":{"line":116,"column":18}},"116":{"start":{"line":117,"column":0},"end":{"line":117,"column":65}},"117":{"start":{"line":118,"column":0},"end":{"line":118,"column":60}},"118":{"start":{"line":119,"column":0},"end":{"line":119,"column":16}},"121":{"start":{"line":122,"column":0},"end":{"line":122,"column":55}},"122":{"start":{"line":123,"column":0},"end":{"line":123,"column":23}},"123":{"start":{"line":124,"column":0},"end":{"line":124,"column":166}},"124":{"start":{"line":125,"column":0},"end":{"line":125,"column":34}},"126":{"start":{"line":127,"column":0},"end":{"line":127,"column":25}},"127":{"start":{"line":128,"column":0},"end":{"line":128,"column":21}},"128":{"start":{"line":129,"column":0},"end":{"line":129,"column":26}},"129":{"start":{"line":130,"column":0},"end":{"line":130,"column":170}},"131":{"start":{"line":132,"column":0},"end":{"line":132,"column":23}},"132":{"start":{"line":133,"column":0},"end":{"line":133,"column":18}},"133":{"start":{"line":134,"column":0},"end":{"line":134,"column":15}},"135":{"start":{"line":136,"column":0},"end":{"line":136,"column":1}}},"s":{"0":1,"1":1,"3":4,"4":4,"5":4,"6":4,"7":4,"9":4,"10":0,"11":0,"13":0,"14":0,"15":0,"16":0,"17":0,"19":4,"20":0,"22":0,"23":0,"24":0,"26":0,"27":0,"28":0,"29":0,"30":0,"31":0,"32":0,"33":0,"34":0,"35":0,"36":0,"38":0,"40":0,"41":0,"42":0,"44":0,"46":0,"47":0,"48":0,"49":0,"50":0,"52":4,"53":4,"54":4,"55":4,"57":4,"58":3,"59":3,"60":3,"61":3,"62":3,"64":3,"66":3,"67":0,"68":0,"70":3,"71":3,"72":3,"73":0,"74":0,"75":3,"76":3,"77":4,"79":4,"80":4,"81":4,"82":4,"84":4,"85":4,"86":4,"87":4,"89":4,"90":4,"91":4,"92":4,"93":4,"94":4,"95":4,"96":4,"97":4,"98":4,"99":4,"102":4,"103":4,"104":4,"105":4,"107":4,"108":4,"109":4,"110":4,"111":4,"112":4,"113":4,"114":4,"115":4,"116":4,"117":4,"118":4,"121":4,"122":4,"123":4,"124":4,"126":4,"127":4,"128":4,"129":4,"131":4,"132":4,"133":4,"135":4},"branchMap":{"0":{"type":"branch","line":4,"loc":{"start":{"line":4,"column":0},"end":{"line":136,"column":1}},"locations":[{"start":{"line":4,"column":0},"end":{"line":136,"column":1}}]},"1":{"type":"branch","line":53,"loc":{"start":{"line":53,"column":23},"end":{"line":56,"column":6}},"locations":[{"start":{"line":53,"column":23},"end":{"line":56,"column":6}}]},"2":{"type":"branch","line":58,"loc":{"start":{"line":58,"column":14},"end":{"line":78,"column":7}},"locations":[{"start":{"line":58,"column":14},"end":{"line":78,"column":7}}]},"3":{"type":"branch","line":59,"loc":{"start":{"line":59,"column":23},"end":{"line":76,"column":10}},"locations":[{"start":{"line":59,"column":23},"end":{"line":76,"column":10}}]},"4":{"type":"branch","line":67,"loc":{"start":{"line":67,"column":29},"end":{"line":69,"column":17}},"locations":[{"start":{"line":67,"column":29},"end":{"line":69,"column":17}}]},"5":{"type":"branch","line":73,"loc":{"start":{"line":73,"column":12},"end":{"line":75,"column":13}},"locations":[{"start":{"line":73,"column":12},"end":{"line":75,"column":13}}]}},"b":{"0":[4],"1":[4],"2":[3],"3":[3],"4":[0],"5":[0]},"fnMap":{"0":{"name":"Document","decl":{"start":{"line":4,"column":0},"end":{"line":136,"column":1}},"loc":{"start":{"line":4,"column":0},"end":{"line":136,"column":1}},"line":4},"1":{"name":"handleInputChange","decl":{"start":{"line":10,"column":30},"end":{"line":18,"column":6}},"loc":{"start":{"line":10,"column":30},"end":{"line":18,"column":6}},"line":10},"2":{"name":"handleSave","decl":{"start":{"line":20,"column":23},"end":{"line":51,"column":6}},"loc":{"start":{"line":20,"column":23},"end":{"line":51,"column":6}},"line":20},"3":{"name":"formatDate","decl":{"start":{"line":53,"column":23},"end":{"line":56,"column":6}},"loc":{"start":{"line":53,"column":23},"end":{"line":56,"column":6}},"line":53},"4":{"name":"getDoc","decl":{"start":{"line":59,"column":23},"end":{"line":76,"column":10}},"loc":{"start":{"line":59,"column":23},"end":{"line":76,"column":10}},"line":59}},"f":{"0":4,"1":0,"2":0,"3":4,"4":3}}
,"/Users/jakoberiksson/git/jsramverkHT24-frontend/src/components/Documents.jsx": {"path":"/Users/jakoberiksson/git/jsramverkHT24-frontend/src/components/Documents.jsx","all":false,"statementMap":{"0":{"start":{"line":1,"column":0},"end":{"line":1,"column":34}},"1":{"start":{"line":2,"column":0},"end":{"line":2,"column":40}},"2":{"start":{"line":3,"column":0},"end":{"line":3,"column":45}},"4":{"start":{"line":5,"column":0},"end":{"line":5,"column":64}},"5":{"start":{"line":6,"column":0},"end":{"line":6,"column":40}},"6":{"start":{"line":7,"column":0},"end":{"line":7,"column":13}},"7":{"start":{"line":8,"column":0},"end":{"line":8,"column":36}},"8":{"start":{"line":9,"column":0},"end":{"line":9,"column":59}},"9":{"start":{"line":10,"column":0},"end":{"line":10,"column":17}},"10":{"start":{"line":11,"column":0},"end":{"line":11,"column":37}},"11":{"start":{"line":12,"column":0},"end":{"line":12,"column":17}},"12":{"start":{"line":13,"column":0},"end":{"line":13,"column":14}},"14":{"start":{"line":15,"column":0},"end":{"line":15,"column":42}},"16":{"start":{"line":17,"column":0},"end":{"line":17,"column":26}},"17":{"start":{"line":18,"column":0},"end":{"line":18,"column":73}},"18":{"start":{"line":19,"column":0},"end":{"line":19,"column":13}},"20":{"start":{"line":21,"column":0},"end":{"line":21,"column":68}},"21":{"start":{"line":22,"column":0},"end":{"line":22,"column":25}},"22":{"start":{"line":23,"column":0},"end":{"line":23,"column":31}},"23":{"start":{"line":24,"column":0},"end":{"line":24,"column":9}},"24":{"start":{"line":25,"column":0},"end":{"line":25,"column":6}},"26":{"start":{"line":27,"column":0},"end":{"line":27,"column":37}},"27":{"start":{"line":28,"column":0},"end":{"line":28,"column":39}},"28":{"start":{"line":29,"column":0},"end":{"line":29,"column":75}},"29":{"start":{"line":30,"column":0},"end":{"line":30,"column":6}},"31":{"start":{"line":32,"column":0},"end":{"line":32,"column":21}},"32":{"start":{"line":33,"column":0},"end":{"line":33,"column":37}},"33":{"start":{"line":34,"column":0},"end":{"line":34,"column":17}},"34":{"start":{"line":35,"column":0},"end":{"line":35,"column":73}},"36":{"start":{"line":37,"column":0},"end":{"line":37,"column":46}},"38":{"start":{"line":39,"column":0},"end":{"line":39,"column":30}},"39":{"start":{"line":40,"column":0},"end":{"line":40,"column":77}},"40":{"start":{"line":41,"column":0},"end":{"line":41,"column":17}},"42":{"start":{"line":43,"column":0},"end":{"line":43,"column":26}},"43":{"start":{"line":44,"column":0},"end":{"line":44,"column":75}},"44":{"start":{"line":45,"column":0},"end":{"line":45,"column":18}},"46":{"start":{"line":47,"column":0},"end":{"line":47,"column":35}},"47":{"start":{"line":48,"column":0},"end":{"line":48,"column":29}},"48":{"start":{"line":49,"column":0},"end":{"line":49,"column":35}},"49":{"start":{"line":50,"column":0},"end":{"line":50,"column":13}},"50":{"start":{"line":51,"column":0},"end":{"line":51,"column":10}},"52":{"start":{"line":53,"column":0},"end":{"line":53,"column":18}},"53":{"start":{"line":54,"column":0},"end":{"line":54,"column":23}},"55":{"start":{"line":56,"column":0},"end":{"line":56,"column":12}},"56":{"start":{"line":57,"column":0},"end":{"line":57,"column":13}},"57":{"start":{"line":58,"column":0},"end":{"line":58,"column":42}},"58":{"start":{"line":59,"column":0},"end":{"line":59,"column":24}},"59":{"start":{"line":60,"column":0},"end":{"line":60,"column":24}},"60":{"start":{"line":61,"column":0},"end":{"line":61,"column":42}},"61":{"start":{"line":62,"column":0},"end":{"line":62,"column":130}},"62":{"start":{"line":63,"column":0},"end":{"line":63,"column":61}},"63":{"start":{"line":64,"column":0},"end":{"line":64,"column":91}},"64":{"start":{"line":65,"column":0},"end":{"line":65,"column":48}},"65":{"start":{"line":66,"column":0},"end":{"line":66,"column":33}},"66":{"start":{"line":67,"column":0},"end":{"line":67,"column":57}},"67":{"start":{"line":68,"column":0},"end":{"line":68,"column":62}},"68":{"start":{"line":69,"column":0},"end":{"line":69,"column":76}},"69":{"start":{"line":70,"column":0},"end":{"line":70,"column":55}},"70":{"start":{"line":71,"column":0},"end":{"line":71,"column":32}},"71":{"start":{"line":72,"column":0},"end":{"line":72,"column":81}},"72":{"start":{"line":73,"column":0},"end":{"line":73,"column":76}},"73":{"start":{"line":74,"column":0},"end":{"line":74,"column":32}},"74":{"start":{"line":75,"column":0},"end":{"line":75,"column":30}},"75":{"start":{"line":76,"column":0},"end":{"line":76,"column":52}},"76":{"start":{"line":77,"column":0},"end":{"line":77,"column":33}},"77":{"start":{"line":78,"column":0},"end":{"line":78,"column":55}},"78":{"start":{"line":79,"column":0},"end":{"line":79,"column":58}},"79":{"start":{"line":80,"column":0},"end":{"line":80,"column":50}},"80":{"start":{"line":81,"column":0},"end":{"line":81,"column":35}},"81":{"start":{"line":82,"column":0},"end":{"line":82,"column":35}},"82":{"start":{"line":83,"column":0},"end":{"line":83,"column":56}},"83":{"start":{"line":84,"column":0},"end":{"line":84,"column":75}},"84":{"start":{"line":85,"column":0},"end":{"line":85,"column":52}},"85":{"start":{"line":86,"column":0},"end":{"line":86,"column":37}},"86":{"start":{"line":87,"column":0},"end":{"line":87,"column":30}},"87":{"start":{"line":88,"column":0},"end":{"line":88,"column":26}},"89":{"start":{"line":90,"column":0},"end":{"line":90,"column":15}},"90":{"start":{"line":91,"column":0},"end":{"line":91,"column":14}},"92":{"start":{"line":93,"column":0},"end":{"line":93,"column":1}}},"s":{"0":1,"1":1,"2":1,"4":3,"5":3,"6":0,"7":0,"8":0,"9":0,"10":0,"11":0,"12":0,"14":0,"16":0,"17":0,"18":0,"20":0,"21":0,"22":0,"23":0,"24":0,"26":3,"27":12,"28":12,"29":12,"31":3,"32":3,"33":3,"34":3,"36":0,"38":0,"39":0,"40":0,"42":0,"43":0,"44":0,"46":0,"47":0,"48":0,"49":0,"50":3,"52":3,"53":3,"55":3,"56":3,"57":3,"58":12,"59":12,"60":12,"61":12,"62":12,"63":12,"64":12,"65":12,"66":12,"67":12,"68":3,"69":9,"70":12,"71":12,"72":12,"73":12,"74":12,"75":12,"76":12,"77":12,"78":12,"79":12,"80":12,"81":12,"82":12,"83":12,"84":12,"85":12,"86":12,"87":12,"89":3,"90":3,"92":3},"branchMap":{"0":{"type":"branch","line":5,"loc":{"start":{"line":5,"column":0},"end":{"line":93,"column":1}},"locations":[{"start":{"line":5,"column":0},"end":{"line":93,"column":1}}]},"1":{"type":"branch","line":27,"loc":{"start":{"line":27,"column":23},"end":{"line":30,"column":6}},"locations":[{"start":{"line":27,"column":23},"end":{"line":30,"column":6}}]},"2":{"type":"branch","line":32,"loc":{"start":{"line":32,"column":14},"end":{"line":54,"column":7}},"locations":[{"start":{"line":32,"column":14},"end":{"line":54,"column":7}}]},"3":{"type":"branch","line":33,"loc":{"start":{"line":33,"column":24},"end":{"line":51,"column":10}},"locations":[{"start":{"line":33,"column":24},"end":{"line":51,"column":10}}]},"4":{"type":"branch","line":35,"loc":{"start":{"line":35,"column":71},"end":{"line":50,"column":13}},"locations":[{"start":{"line":35,"column":71},"end":{"line":50,"column":13}}]},"5":{"type":"branch","line":58,"loc":{"start":{"line":58,"column":27},"end":{"line":90,"column":13}},"locations":[{"start":{"line":58,"column":27},"end":{"line":90,"column":13}}]},"6":{"type":"branch","line":68,"loc":{"start":{"line":68,"column":59},"end":{"line":69,"column":76}},"locations":[{"start":{"line":68,"column":59},"end":{"line":69,"column":76}}]},"7":{"type":"branch","line":69,"loc":{"start":{"line":69,"column":71},"end":{"line":70,"column":55}},"locations":[{"start":{"line":69,"column":71},"end":{"line":70,"column":55}}]}},"b":{"0":[3],"1":[12],"2":[3],"3":[3],"4":[0],"5":[12],"6":[3],"7":[9]},"fnMap":{"0":{"name":"Documents","decl":{"start":{"line":5,"column":0},"end":{"line":93,"column":1}},"loc":{"start":{"line":5,"column":0},"end":{"line":93,"column":1}},"line":5},"1":{"name":"handleDelete","decl":{"start":{"line":6,"column":25},"end":{"line":25,"column":6}},"loc":{"start":{"line":6,"column":25},"end":{"line":25,"column":6}},"line":6},"2":{"name":"formatDate","decl":{"start":{"line":27,"column":23},"end":{"line":30,"column":6}},"loc":{"start":{"line":27,"column":23},"end":{"line":30,"column":6}},"line":27},"3":{"name":"getDocs","decl":{"start":{"line":33,"column":24},"end":{"line":51,"column":10}},"loc":{"start":{"line":33,"column":24},"end":{"line":51,"column":10}},"line":33},"4":{"name":"onClick","decl":{"start":{"line":84,"column":41},"end":{"line":84,"column":75}},"loc":{"start":{"line":84,"column":41},"end":{"line":84,"column":75}},"line":84}},"f":{"0":3,"1":0,"2":12,"3":3,"4":0}}
,"/Users/jakoberiksson/git/jsramverkHT24-frontend/src/components/Header.jsx": {"path":"/Users/jakoberiksson/git/jsramverkHT24-frontend/src/components/Header.jsx","all":false,"statementMap":{"0":{"start":{"line":1,"column":0},"end":{"line":1,"column":34}},"1":{"start":{"line":2,"column":0},"end":{"line":2,"column":12}},"2":{"start":{"line":3,"column":0},"end":{"line":3,"column":38}},"3":{"start":{"line":4,"column":0},"end":{"line":4,"column":76}},"5":{"start":{"line":6,"column":0},"end":{"line":6,"column":21}},"6":{"start":{"line":7,"column":0},"end":{"line":7,"column":17}},"8":{"start":{"line":9,"column":0},"end":{"line":9,"column":1}}},"s":{"0":1,"1":1,"2":1,"3":1,"5":1,"6":1,"8":1},"branchMap":{"0":{"type":"branch","line":1,"loc":{"start":{"line":1,"column":0},"end":{"line":9,"column":1}},"locations":[{"start":{"line":1,"column":0},"end":{"line":9,"column":1}}]}},"b":{"0":[1]},"fnMap":{"0":{"name":"Header","decl":{"start":{"line":1,"column":0},"end":{"line":9,"column":1}},"loc":{"start":{"line":1,"column":0},"end":{"line":9,"column":1}},"line":1}},"f":{"0":1}}
,"/Users/jakoberiksson/git/jsramverkHT24-frontend/src/pages/Home.jsx": {"path":"/Users/jakoberiksson/git/jsramverkHT24-frontend/src/pages/Home.jsx","all":true,"statementMap":{"0":{"start":{"line":1,"column":0},"end":{"line":1,"column":58}},"1":{"start":{"line":2,"column":0},"end":{"line":2,"column":48}},"3":{"start":{"line":4,"column":0},"end":{"line":4,"column":59}},"4":{"start":{"line":5,"column":0},"end":{"line":5,"column":12}},"5":{"start":{"line":6,"column":0},"end":{"line":6,"column":10}},"6":{"start":{"line":7,"column":0},"end":{"line":7,"column":80}},"7":{"start":{"line":8,"column":0},"end":{"line":8,"column":75}},"8":{"start":{"line":9,"column":0},"end":{"line":9,"column":11}},"10":{"start":{"line":11,"column":0},"end":{"line":11,"column":1}}},"s":{"0":0,"1":0,"3":0,"4":0,"5":0,"6":0,"7":0,"8":0,"10":0},"branchMap":{"0":{"type":"branch","line":1,"loc":{"start":{"line":1,"column":0},"end":{"line":11,"column":-311}},"locations":[{"start":{"line":1,"column":0},"end":{"line":11,"column":-311}}]}},"b":{"0":[0]},"fnMap":{"0":{"name":"(empty-report)","decl":{"start":{"line":1,"column":0},"end":{"line":11,"column":-311}},"loc":{"start":{"line":1,"column":0},"end":{"line":11,"column":-311}},"line":1}},"f":{"0":0}}
,"/Users/jakoberiksson/git/jsramverkHT24-frontend/src/pages/OneDoc.jsx": {"path":"/Users/jakoberiksson/git/jsramverkHT24-frontend/src/pages/OneDoc.jsx","all":true,"statementMap":{"0":{"start":{"line":1,"column":0},"end":{"line":1,"column":46}},"2":{"start":{"line":3,"column":0},"end":{"line":3,"column":34}},"3":{"start":{"line":4,"column":0},"end":{"line":4,"column":12}},"4":{"start":{"line":5,"column":0},"end":{"line":5,"column":10}},"5":{"start":{"line":6,"column":0},"end":{"line":6,"column":24}},"6":{"start":{"line":7,"column":0},"end":{"line":7,"column":11}},"8":{"start":{"line":9,"column":0},"end":{"line":9,"column":1}}},"s":{"0":0,"2":0,"3":0,"4":0,"5":0,"6":0,"8":0},"branchMap":{"0":{"type":"branch","line":1,"loc":{"start":{"line":1,"column":152},"end":{"line":9,"column":1}},"locations":[{"start":{"line":1,"column":152},"end":{"line":9,"column":1}}]}},"b":{"0":[0]},"fnMap":{"0":{"name":"(empty-report)","decl":{"start":{"line":1,"column":152},"end":{"line":9,"column":1}},"loc":{"start":{"line":1,"column":152},"end":{"line":9,"column":1}},"line":1}},"f":{"0":0}}
}
